Using pre-set license
Built from '2021.3/staging' branch; Version is '2021.3.8f1 (b30333d56e81) revision 11731763'; Using compiler version '192829333'; Build Type 'Release'
OS: 'Windows 11  (10.0.22000) 64bit Professional' Language: 'ru' Physical Memory: 7613 MB
BatchMode: 1, IsHumanControllingUs: 0, StartBugReporterOnCrash: 0, Is64bit: 1, IsPro: 1

COMMAND LINE ARGUMENTS:
C:\Program Files\Unity\Hub\Editor\2021.3.8f1\Editor\Unity.exe
-adb2
-batchMode
-noUpm
-name
AssetImportWorker4
-projectPath
C:/Бред на Unity/Kurok-Day
-logFile
Logs/AssetImportWorker4.log
-srvPort
52707
Successfully changed project path to: C:/Бред на Unity/Kurok-Day
C:/Бред на Unity/Kurok-Day
[UnityMemory] Configuration Parameters - Can be set up in boot.config
    "memorysetup-bucket-allocator-granularity=16"
    "memorysetup-bucket-allocator-bucket-count=8"
    "memorysetup-bucket-allocator-block-size=33554432"
    "memorysetup-bucket-allocator-block-count=8"
    "memorysetup-main-allocator-block-size=16777216"
    "memorysetup-thread-allocator-block-size=16777216"
    "memorysetup-gfx-main-allocator-block-size=16777216"
    "memorysetup-gfx-thread-allocator-block-size=16777216"
    "memorysetup-cache-allocator-block-size=4194304"
    "memorysetup-typetree-allocator-block-size=2097152"
    "memorysetup-profiler-bucket-allocator-granularity=16"
    "memorysetup-profiler-bucket-allocator-bucket-count=8"
    "memorysetup-profiler-bucket-allocator-block-size=33554432"
    "memorysetup-profiler-bucket-allocator-block-count=8"
    "memorysetup-profiler-allocator-block-size=16777216"
    "memorysetup-profiler-editor-allocator-block-size=1048576"
    "memorysetup-temp-allocator-size-main=16777216"
    "memorysetup-job-temp-allocator-block-size=2097152"
    "memorysetup-job-temp-allocator-block-size-background=1048576"
    "memorysetup-job-temp-allocator-reduction-small-platforms=262144"
    "memorysetup-temp-allocator-size-background-worker=32768"
    "memorysetup-temp-allocator-size-job-worker=262144"
    "memorysetup-temp-allocator-size-preload-manager=33554432"
    "memorysetup-temp-allocator-size-nav-mesh-worker=65536"
    "memorysetup-temp-allocator-size-audio-worker=65536"
    "memorysetup-temp-allocator-size-cloud-worker=32768"
    "memorysetup-temp-allocator-size-gi-baking-worker=262144"
    "memorysetup-temp-allocator-size-gfx=262144"
Refreshing native plugins compatible for Editor in 108.11 ms, found 3 plugins.
Preloading 0 native plugins for Editor in 0.00 ms.
Initialize engine version: 2021.3.8f1 (b30333d56e81)
[Subsystems] Discovering subsystems at path C:/Program Files/Unity/Hub/Editor/2021.3.8f1/Editor/Data/Resources/UnitySubsystems
[Subsystems] Discovering subsystems at path C:/Бред на Unity/Kurok-Day/Assets
GfxDevice: creating device client; threaded=0; jobified=0
Direct3D:
    Version:  Direct3D 11.0 [level 11.1]
    Renderer: NVIDIA GeForce GTX 1650 (ID=0x1f91)
    Vendor:   NVIDIA
    VRAM:     3962 MB
    Driver:   30.0.15.1278
Initialize mono
Mono path[0] = 'C:/Program Files/Unity/Hub/Editor/2021.3.8f1/Editor/Data/Managed'
Mono path[1] = 'C:/Program Files/Unity/Hub/Editor/2021.3.8f1/Editor/Data/MonoBleedingEdge/lib/mono/unityjit-win32'
Mono config path = 'C:/Program Files/Unity/Hub/Editor/2021.3.8f1/Editor/Data/MonoBleedingEdge/etc'
Using monoOptions --debugger-agent=transport=dt_socket,embedding=1,server=y,suspend=n,address=127.0.0.1:56968
Begin MonoManager ReloadAssembly
Registering precompiled unity dll's ...
Register platform support module: C:/Program Files/Unity/Hub/Editor/2021.3.8f1/Editor/Data/PlaybackEngines/WebGLSupport/UnityEditor.WebGL.Extensions.dll
Register platform support module: C:/Program Files/Unity/Hub/Editor/2021.3.8f1/Editor/Data/PlaybackEngines/WindowsStandaloneSupport/UnityEditor.WindowsStandalone.Extensions.dll
Registered in 0.007854 seconds.
Native extension for WindowsStandalone target not found
Native extension for WebGL target not found
Refreshing native plugins compatible for Editor in 108.14 ms, found 3 plugins.
Preloading 0 native plugins for Editor in 0.00 ms.
Mono: successfully reloaded assembly
- Completed reload, in  0.845 seconds
Domain Reload Profiling:
	ReloadAssembly (846ms)
		BeginReloadAssembly (127ms)
			ExecutionOrderSort (0ms)
			DisableScriptedObjects (0ms)
			BackupInstance (0ms)
			ReleaseScriptingObjects (0ms)
			CreateAndSetChildDomain (1ms)
		EndReloadAssembly (578ms)
			LoadAssemblies (124ms)
			RebuildTransferFunctionScriptingTraits (0ms)
			SetupTypeCache (134ms)
			ReleaseScriptCaches (0ms)
			RebuildScriptCaches (37ms)
			SetupLoadedEditorAssemblies (345ms)
				LogAssemblyErrors (0ms)
				InitializePlatformSupportModulesInManaged (11ms)
				SetLoadedEditorAssemblies (0ms)
				RefreshPlugins (108ms)
				BeforeProcessingInitializeOnLoad (2ms)
				ProcessInitializeOnLoadAttributes (162ms)
				ProcessInitializeOnLoadMethodAttributes (62ms)
				AfterProcessingInitializeOnLoad (0ms)
				EditorAssembliesLoaded (0ms)
			ExecutionOrderSort2 (0ms)
			AwakeInstancesAfterBackupRestoration (0ms)
Platform modules already initialized, skipping
Registering precompiled user dll's ...
Registered in 0.008079 seconds.
Begin MonoManager ReloadAssembly
Symbol file LoadedFromMemory doesn't match image C:\Бред на Unity\Kurok-Day\Library\PackageCache\com.unity.visualscripting@1.7.8\Editor\VisualScripting.Core\Dependencies\YamlDotNet\Unity.VisualScripting.YamlDotNet.dll
Symbol file LoadedFromMemory doesn't match image C:\Бред на Unity\Kurok-Day\Library\PackageCache\com.unity.visualscripting@1.7.8\Editor\VisualScripting.Core\Dependencies\DotNetZip\Unity.VisualScripting.IonicZip.dll
Native extension for WindowsStandalone target not found
Native extension for WebGL target not found
Refreshing native plugins compatible for Editor in 1.27 ms, found 3 plugins.
Preloading 0 native plugins for Editor in 0.00 ms.
Mono: successfully reloaded assembly
- Completed reload, in  1.441 seconds
Domain Reload Profiling:
	ReloadAssembly (1442ms)
		BeginReloadAssembly (143ms)
			ExecutionOrderSort (0ms)
			DisableScriptedObjects (7ms)
			BackupInstance (0ms)
			ReleaseScriptingObjects (0ms)
			CreateAndSetChildDomain (25ms)
		EndReloadAssembly (1137ms)
			LoadAssemblies (138ms)
			RebuildTransferFunctionScriptingTraits (0ms)
			SetupTypeCache (345ms)
			ReleaseScriptCaches (1ms)
			RebuildScriptCaches (80ms)
			SetupLoadedEditorAssemblies (520ms)
				LogAssemblyErrors (0ms)
				InitializePlatformSupportModulesInManaged (10ms)
				SetLoadedEditorAssemblies (1ms)
				RefreshPlugins (1ms)
				BeforeProcessingInitializeOnLoad (130ms)
				ProcessInitializeOnLoadAttributes (331ms)
				ProcessInitializeOnLoadMethodAttributes (38ms)
				AfterProcessingInitializeOnLoad (9ms)
				EditorAssembliesLoaded (0ms)
			ExecutionOrderSort2 (0ms)
			AwakeInstancesAfterBackupRestoration (6ms)
Platform modules already initialized, skipping
========================================================================
Worker process is ready to serve import requests
Launched and connected shader compiler UnityShaderCompiler.exe after 0.05 seconds
Refreshing native plugins compatible for Editor in 0.73 ms, found 3 plugins.
Preloading 0 native plugins for Editor in 0.00 ms.
Unloading 3547 Unused Serialized files (Serialized files now loaded: 0)
Unloading 41 unused Assets / (181.7 KB). Loaded Objects now: 4002.
Memory consumption went from 122.2 MB to 122.1 MB.
Total: 5.102400 ms (FindLiveObjects: 0.439900 ms CreateObjectMapping: 0.137800 ms MarkObjects: 4.355000 ms  DeleteObjects: 0.167800 ms)

AssetImportParameters requested are different than current active one (requested -> active):
  custom:video-decoder-ogg-theora: a1e56fd34408186e4bbccfd4996cb3dc -> 
  custom:container-muxer-webm: aa71ff27fc2769a1b78a27578f13a17b -> 
  custom:container-demuxer-webm: 4f35f7cbe854078d1ac9338744f61a02 -> 
  custom:video-encoder-webm-vp8: eb34c28f22e8b96e1ab97ce403110664 -> 
  custom:audio-encoder-webm-vorbis: bf7c407c2cedff20999df2af8eb42d56 -> 
  custom:framework-win-MediaFoundation: 216162199b28c13a410421893ffa2e32 -> 
  custom:container-demuxer-ogg: 62fdf1f143b41e24485cea50d1cbac27 -> 
  custom:video-decoder-webm-vp8: 9c59270c3fd7afecdb556c50c9e8de78 -> 
  custom:audio-decoder-ogg-vorbis: bf7c407c2cedff20999df2af8eb42d56 -> 
========================================================================
Received Import Request.
  Time since last request: 75497.418676 seconds.
  path: Assets/Models/Textures/PolyAdventureTexture_01.png
  artifactKey: Guid(492bb6917dc29f6498828ca6129e4eab) Importer(815301076,1909f56bfc062723c751e8b465ee728b)
Start importing Assets/Models/Textures/PolyAdventureTexture_01.png using Guid(492bb6917dc29f6498828ca6129e4eab) Importer(815301076,1909f56bfc062723c751e8b465ee728b)  -> (artifact id: 'd179c95c35c3a659eb44840ba07d7555') in 0.087593 seconds 
========================================================================
Received Import Request.
  Time since last request: 1.783341 seconds.
  path: Assets/Models/Textures/PolyAdventureTexture_02.png
  artifactKey: Guid(1c4d037cadcb5a741a19dd4e656a7418) Importer(815301076,1909f56bfc062723c751e8b465ee728b)
Start importing Assets/Models/Textures/PolyAdventureTexture_02.png using Guid(1c4d037cadcb5a741a19dd4e656a7418) Importer(815301076,1909f56bfc062723c751e8b465ee728b)  -> (artifact id: '2ffd4989343968658d175161bff6d217') in 0.017351 seconds 
========================================================================
Received Import Request.
  Time since last request: 1.738694 seconds.
  path: Assets/Models/Textures/PolyAdventureTexture_Dark_01.png
  artifactKey: Guid(4796f09f62b9b144f8ed61a448472d36) Importer(815301076,1909f56bfc062723c751e8b465ee728b)
Start importing Assets/Models/Textures/PolyAdventureTexture_Dark_01.png using Guid(4796f09f62b9b144f8ed61a448472d36) Importer(815301076,1909f56bfc062723c751e8b465ee728b)  -> (artifact id: 'be626ef63ed6c2b2140ba3638dac0dc9') in 0.016132 seconds 
========================================================================
Received Import Request.
  Time since last request: 1.650688 seconds.
  path: Assets/Models/Textures/PolyAdventureTexture_Dark_02.png
  artifactKey: Guid(c59e875a095e594499e136b41fdc5006) Importer(815301076,1909f56bfc062723c751e8b465ee728b)
Start importing Assets/Models/Textures/PolyAdventureTexture_Dark_02.png using Guid(c59e875a095e594499e136b41fdc5006) Importer(815301076,1909f56bfc062723c751e8b465ee728b)  -> (artifact id: 'c4c64b3014c119f4c79b9dbe799ee3d5') in 0.015221 seconds 
========================================================================
Received Import Request.
  Time since last request: 1.997776 seconds.
  path: Assets/Models/Textures/PolyAdventureTexture_Snow_01.png
  artifactKey: Guid(cf29a93d8db335e478480387f8e51fb1) Importer(815301076,1909f56bfc062723c751e8b465ee728b)
Start importing Assets/Models/Textures/PolyAdventureTexture_Snow_01.png using Guid(cf29a93d8db335e478480387f8e51fb1) Importer(815301076,1909f56bfc062723c751e8b465ee728b)  -> (artifact id: '736a2b27062f4f87201167715af2096e') in 0.015011 seconds 
========================================================================
Received Import Request.
  Time since last request: 35.756427 seconds.
  path: Assets/Models/Original Models/SM_Env_Hill_03.fbx
  artifactKey: Guid(adadfea307620a14182bd3acfbf6845b) Importer(815301076,1909f56bfc062723c751e8b465ee728b)
Start importing Assets/Models/Original Models/SM_Env_Hill_03.fbx using Guid(adadfea307620a14182bd3acfbf6845b) Importer(815301076,1909f56bfc062723c751e8b465ee728b)  -> (artifact id: '668b9029c8c9c8183eba68537f139ac0') in 0.138171 seconds 
========================================================================
Received Import Request.
  Time since last request: 182.200855 seconds.
  path: Assets/Models/Materials/PolyAdventureMaterial_01.mat
  artifactKey: Guid(25dee138de3b8c04482482e52a1ec5f4) Importer(815301076,1909f56bfc062723c751e8b465ee728b)
Start importing Assets/Models/Materials/PolyAdventureMaterial_01.mat using Guid(25dee138de3b8c04482482e52a1ec5f4) Importer(815301076,1909f56bfc062723c751e8b465ee728b)  -> (artifact id: 'a5af3481bbe0110488fb83639e815e43') in 0.031995 seconds 
========================================================================
Received Import Request.
  Time since last request: 0.000044 seconds.
  path: Assets/Models/Materials/PolyAdventureMaterial_Water_01.mat
  artifactKey: Guid(6a507385ffa381a49a2cdea161ec58e1) Importer(815301076,1909f56bfc062723c751e8b465ee728b)
Start importing Assets/Models/Materials/PolyAdventureMaterial_Water_01.mat using Guid(6a507385ffa381a49a2cdea161ec58e1) Importer(815301076,1909f56bfc062723c751e8b465ee728b)  -> (artifact id: '2fc95c747e07832d0c672f2edb8fe1a2') in 0.369678 seconds 
========================================================================
Received Import Request.
  Time since last request: 34.657955 seconds.
  path: Assets/Models/Original Models/SM_Bld_HutDoor_01.fbx
  artifactKey: Guid(5f697a3e9c9012c439a2cc5ee087e5c2) Importer(815301076,1909f56bfc062723c751e8b465ee728b)
Start importing Assets/Models/Original Models/SM_Bld_HutDoor_01.fbx using Guid(5f697a3e9c9012c439a2cc5ee087e5c2) Importer(815301076,1909f56bfc062723c751e8b465ee728b)  -> (artifact id: '5cd3178c2b4e54f3370ce316d5eeb904') in 0.030208 seconds 
========================================================================
Received Import Request.
  Time since last request: 46.570843 seconds.
  path: Assets/Models/Original Models/SM_Bld_Castle_Door_01_Snow.fbx
  artifactKey: Guid(fe30d22b81dcd0d4fbed22912bf26ece) Importer(815301076,1909f56bfc062723c751e8b465ee728b)
Start importing Assets/Models/Original Models/SM_Bld_Castle_Door_01_Snow.fbx using Guid(fe30d22b81dcd0d4fbed22912bf26ece) Importer(815301076,1909f56bfc062723c751e8b465ee728b)  -> (artifact id: 'db5dd4ea3deefed1326d7170ec6aec3f') in 0.057812 seconds 
========================================================================
Received Import Request.
  Time since last request: 89.072521 seconds.
  path: Assets/Models/Original Models/SM_Prop_Plinth_01.fbx
  artifactKey: Guid(dfd5986cc7fb2214eb5d651561ca1c73) Importer(815301076,1909f56bfc062723c751e8b465ee728b)
Start importing Assets/Models/Original Models/SM_Prop_Plinth_01.fbx using Guid(dfd5986cc7fb2214eb5d651561ca1c73) Importer(815301076,1909f56bfc062723c751e8b465ee728b)  -> (artifact id: '9ce1e0355e553b94b42a7e8bbf507c41') in 0.036783 seconds 
========================================================================
Received Import Request.
  Time since last request: 32.248338 seconds.
  path: Assets/Models/Textures/Texture_01.png
  artifactKey: Guid(ef0ebf1b56726ee49bf386cb93d7385f) Importer(815301076,1909f56bfc062723c751e8b465ee728b)
Start importing Assets/Models/Textures/Texture_01.png using Guid(ef0ebf1b56726ee49bf386cb93d7385f) Importer(815301076,1909f56bfc062723c751e8b465ee728b)  -> (artifact id: '857aee336412d84d5f54915a0cca8022') in 0.019186 seconds 
========================================================================
Received Import Request.
  Time since last request: 0.000072 seconds.
  path: Assets/Models/Textures/Texture_01_Swap_Snow_To_Grass.png
  artifactKey: Guid(4eef05a5cf013654c8014fdb5bd89f0c) Importer(815301076,1909f56bfc062723c751e8b465ee728b)
Start importing Assets/Models/Textures/Texture_01_Swap_Snow_To_Grass.png using Guid(4eef05a5cf013654c8014fdb5bd89f0c) Importer(815301076,1909f56bfc062723c751e8b465ee728b)  -> (artifact id: '44891aca64c9087b18a5b739e28f6265') in 0.018628 seconds 
========================================================================
Received Import Request.
  Time since last request: 0.000077 seconds.
  path: Assets/Models/Textures/Texture_Alt_03_Dark.png
  artifactKey: Guid(6f601aa1ca49fe64194fd39d04e87847) Importer(815301076,1909f56bfc062723c751e8b465ee728b)
Start importing Assets/Models/Textures/Texture_Alt_03_Dark.png using Guid(6f601aa1ca49fe64194fd39d04e87847) Importer(815301076,1909f56bfc062723c751e8b465ee728b)  -> (artifact id: '7140bfeea20644f2c3ea56204ab28845') in 0.026020 seconds 
========================================================================
Received Import Request.
  Time since last request: 0.000062 seconds.
  path: Assets/Models/Textures/Texture_Alt_03.png
  artifactKey: Guid(e58e7d095449cfc47bec79f2cb282d0e) Importer(815301076,1909f56bfc062723c751e8b465ee728b)
Start importing Assets/Models/Textures/Texture_Alt_03.png using Guid(e58e7d095449cfc47bec79f2cb282d0e) Importer(815301076,1909f56bfc062723c751e8b465ee728b)  -> (artifact id: '1d569dbb30a84e274f3be9d7dfb5efe0') in 0.021811 seconds 
========================================================================
Received Import Request.
  Time since last request: 0.000127 seconds.
  path: Assets/Models/Textures/Texture_Alt_02_Dark.png
  artifactKey: Guid(5c9fdcdc1c7192a458953a4b75245800) Importer(815301076,1909f56bfc062723c751e8b465ee728b)
Start importing Assets/Models/Textures/Texture_Alt_02_Dark.png using Guid(5c9fdcdc1c7192a458953a4b75245800) Importer(815301076,1909f56bfc062723c751e8b465ee728b)  -> (artifact id: '46d30062f62afcd3d3ef40822676cf9e') in 0.020872 seconds 
========================================================================
Received Import Request.
  Time since last request: 0.000048 seconds.
  path: Assets/Models/Textures/Texture_Alt_04.png
  artifactKey: Guid(1676b449692c1c449b1a9458e9ad6277) Importer(815301076,1909f56bfc062723c751e8b465ee728b)
Start importing Assets/Models/Textures/Texture_Alt_04.png using Guid(1676b449692c1c449b1a9458e9ad6277) Importer(815301076,1909f56bfc062723c751e8b465ee728b)  -> (artifact id: 'aaac8a9baa17fb7553ca862c047faaeb') in 0.016806 seconds 
Editor requested this worker to shutdown with reason: Scaling down because of idle timeout
AssetImportWorker is now disconnected from the server
Process exiting
Exiting without the bug reporter. Application will terminate with return code 0