Using pre-set license
Built from '2021.3/staging' branch; Version is '2021.3.8f1 (b30333d56e81) revision 11731763'; Using compiler version '192829333'; Build Type 'Release'
OS: 'Windows 11  (10.0.22000) 64bit Professional' Language: 'ru' Physical Memory: 7613 MB
BatchMode: 1, IsHumanControllingUs: 0, StartBugReporterOnCrash: 0, Is64bit: 1, IsPro: 1

COMMAND LINE ARGUMENTS:
C:\Program Files\Unity\Hub\Editor\2021.3.8f1\Editor\Unity.exe
-adb2
-batchMode
-noUpm
-name
AssetImportWorker1
-projectPath
C:/Бред на Unity/Kurok-Day
-logFile
Logs/AssetImportWorker1.log
-srvPort
52707
Successfully changed project path to: C:/Бред на Unity/Kurok-Day
C:/Бред на Unity/Kurok-Day
[UnityMemory] Configuration Parameters - Can be set up in boot.config
    "memorysetup-bucket-allocator-granularity=16"
    "memorysetup-bucket-allocator-bucket-count=8"
    "memorysetup-bucket-allocator-block-size=33554432"
    "memorysetup-bucket-allocator-block-count=8"
    "memorysetup-main-allocator-block-size=16777216"
    "memorysetup-thread-allocator-block-size=16777216"
    "memorysetup-gfx-main-allocator-block-size=16777216"
    "memorysetup-gfx-thread-allocator-block-size=16777216"
    "memorysetup-cache-allocator-block-size=4194304"
    "memorysetup-typetree-allocator-block-size=2097152"
    "memorysetup-profiler-bucket-allocator-granularity=16"
    "memorysetup-profiler-bucket-allocator-bucket-count=8"
    "memorysetup-profiler-bucket-allocator-block-size=33554432"
    "memorysetup-profiler-bucket-allocator-block-count=8"
    "memorysetup-profiler-allocator-block-size=16777216"
    "memorysetup-profiler-editor-allocator-block-size=1048576"
    "memorysetup-temp-allocator-size-main=16777216"
    "memorysetup-job-temp-allocator-block-size=2097152"
    "memorysetup-job-temp-allocator-block-size-background=1048576"
    "memorysetup-job-temp-allocator-reduction-small-platforms=262144"
    "memorysetup-temp-allocator-size-background-worker=32768"
    "memorysetup-temp-allocator-size-job-worker=262144"
    "memorysetup-temp-allocator-size-preload-manager=33554432"
    "memorysetup-temp-allocator-size-nav-mesh-worker=65536"
    "memorysetup-temp-allocator-size-audio-worker=65536"
    "memorysetup-temp-allocator-size-cloud-worker=32768"
    "memorysetup-temp-allocator-size-gi-baking-worker=262144"
    "memorysetup-temp-allocator-size-gfx=262144"
Refreshing native plugins compatible for Editor in 160.83 ms, found 3 plugins.
Preloading 0 native plugins for Editor in 0.00 ms.
Initialize engine version: 2021.3.8f1 (b30333d56e81)
[Subsystems] Discovering subsystems at path C:/Program Files/Unity/Hub/Editor/2021.3.8f1/Editor/Data/Resources/UnitySubsystems
[Subsystems] Discovering subsystems at path C:/Бред на Unity/Kurok-Day/Assets
GfxDevice: creating device client; threaded=0; jobified=0
Direct3D:
    Version:  Direct3D 11.0 [level 11.1]
    Renderer: NVIDIA GeForce GTX 1650 (ID=0x1f91)
    Vendor:   NVIDIA
    VRAM:     3962 MB
    Driver:   30.0.15.1278
Initialize mono
Mono path[0] = 'C:/Program Files/Unity/Hub/Editor/2021.3.8f1/Editor/Data/Managed'
Mono path[1] = 'C:/Program Files/Unity/Hub/Editor/2021.3.8f1/Editor/Data/MonoBleedingEdge/lib/mono/unityjit-win32'
Mono config path = 'C:/Program Files/Unity/Hub/Editor/2021.3.8f1/Editor/Data/MonoBleedingEdge/etc'
Using monoOptions --debugger-agent=transport=dt_socket,embedding=1,server=y,suspend=n,address=127.0.0.1:56792
Begin MonoManager ReloadAssembly
Registering precompiled unity dll's ...
Register platform support module: C:/Program Files/Unity/Hub/Editor/2021.3.8f1/Editor/Data/PlaybackEngines/WebGLSupport/UnityEditor.WebGL.Extensions.dll
Register platform support module: C:/Program Files/Unity/Hub/Editor/2021.3.8f1/Editor/Data/PlaybackEngines/WindowsStandaloneSupport/UnityEditor.WindowsStandalone.Extensions.dll
Registered in 0.008167 seconds.
Native extension for WindowsStandalone target not found
Native extension for WebGL target not found
Refreshing native plugins compatible for Editor in 116.49 ms, found 3 plugins.
Preloading 0 native plugins for Editor in 0.00 ms.
Mono: successfully reloaded assembly
- Completed reload, in  0.915 seconds
Domain Reload Profiling:
	ReloadAssembly (916ms)
		BeginReloadAssembly (107ms)
			ExecutionOrderSort (0ms)
			DisableScriptedObjects (0ms)
			BackupInstance (0ms)
			ReleaseScriptingObjects (0ms)
			CreateAndSetChildDomain (1ms)
		EndReloadAssembly (624ms)
			LoadAssemblies (104ms)
			RebuildTransferFunctionScriptingTraits (0ms)
			SetupTypeCache (164ms)
			ReleaseScriptCaches (0ms)
			RebuildScriptCaches (39ms)
			SetupLoadedEditorAssemblies (351ms)
				LogAssemblyErrors (0ms)
				InitializePlatformSupportModulesInManaged (11ms)
				SetLoadedEditorAssemblies (0ms)
				RefreshPlugins (117ms)
				BeforeProcessingInitializeOnLoad (1ms)
				ProcessInitializeOnLoadAttributes (162ms)
				ProcessInitializeOnLoadMethodAttributes (59ms)
				AfterProcessingInitializeOnLoad (0ms)
				EditorAssembliesLoaded (0ms)
			ExecutionOrderSort2 (0ms)
			AwakeInstancesAfterBackupRestoration (0ms)
Platform modules already initialized, skipping
Registering precompiled user dll's ...
Registered in 0.007639 seconds.
Begin MonoManager ReloadAssembly
Symbol file LoadedFromMemory doesn't match image C:\Бред на Unity\Kurok-Day\Library\PackageCache\com.unity.visualscripting@1.7.8\Editor\VisualScripting.Core\Dependencies\YamlDotNet\Unity.VisualScripting.YamlDotNet.dll
Symbol file LoadedFromMemory doesn't match image C:\Бред на Unity\Kurok-Day\Library\PackageCache\com.unity.visualscripting@1.7.8\Editor\VisualScripting.Core\Dependencies\DotNetZip\Unity.VisualScripting.IonicZip.dll
Native extension for WindowsStandalone target not found
Native extension for WebGL target not found
Refreshing native plugins compatible for Editor in 0.93 ms, found 3 plugins.
Preloading 0 native plugins for Editor in 0.00 ms.
Mono: successfully reloaded assembly
- Completed reload, in  1.364 seconds
Domain Reload Profiling:
	ReloadAssembly (1365ms)
		BeginReloadAssembly (145ms)
			ExecutionOrderSort (0ms)
			DisableScriptedObjects (8ms)
			BackupInstance (0ms)
			ReleaseScriptingObjects (0ms)
			CreateAndSetChildDomain (26ms)
		EndReloadAssembly (1071ms)
			LoadAssemblies (113ms)
			RebuildTransferFunctionScriptingTraits (0ms)
			SetupTypeCache (342ms)
			ReleaseScriptCaches (1ms)
			RebuildScriptCaches (75ms)
			SetupLoadedEditorAssemblies (502ms)
				LogAssemblyErrors (0ms)
				InitializePlatformSupportModulesInManaged (9ms)
				SetLoadedEditorAssemblies (1ms)
				RefreshPlugins (1ms)
				BeforeProcessingInitializeOnLoad (113ms)
				ProcessInitializeOnLoadAttributes (330ms)
				ProcessInitializeOnLoadMethodAttributes (39ms)
				AfterProcessingInitializeOnLoad (9ms)
				EditorAssembliesLoaded (0ms)
			ExecutionOrderSort2 (0ms)
			AwakeInstancesAfterBackupRestoration (6ms)
Platform modules already initialized, skipping
========================================================================
Worker process is ready to serve import requests
Launched and connected shader compiler UnityShaderCompiler.exe after 0.07 seconds
Refreshing native plugins compatible for Editor in 1.71 ms, found 3 plugins.
Preloading 0 native plugins for Editor in 0.00 ms.
Unloading 3547 Unused Serialized files (Serialized files now loaded: 0)
Unloading 41 unused Assets / (181.7 KB). Loaded Objects now: 4002.
Memory consumption went from 122.2 MB to 122.1 MB.
Total: 8.338200 ms (FindLiveObjects: 0.643300 ms CreateObjectMapping: 0.834400 ms MarkObjects: 6.587100 ms  DeleteObjects: 0.271300 ms)

AssetImportParameters requested are different than current active one (requested -> active):
  custom:video-decoder-ogg-theora: a1e56fd34408186e4bbccfd4996cb3dc -> 
  custom:container-muxer-webm: aa71ff27fc2769a1b78a27578f13a17b -> 
  custom:container-demuxer-webm: 4f35f7cbe854078d1ac9338744f61a02 -> 
  custom:video-encoder-webm-vp8: eb34c28f22e8b96e1ab97ce403110664 -> 
  custom:audio-encoder-webm-vorbis: bf7c407c2cedff20999df2af8eb42d56 -> 
  custom:framework-win-MediaFoundation: 216162199b28c13a410421893ffa2e32 -> 
  custom:container-demuxer-ogg: 62fdf1f143b41e24485cea50d1cbac27 -> 
  custom:video-decoder-webm-vp8: 9c59270c3fd7afecdb556c50c9e8de78 -> 
  custom:audio-decoder-ogg-vorbis: bf7c407c2cedff20999df2af8eb42d56 -> 
========================================================================
Received Import Request.
  Time since last request: 74894.814538 seconds.
  path: Assets/Models/export_f1da67f7-932a-4a16-af29-d041fc1802f6.fbx
  artifactKey: Guid(3ba097eef9ae93640a43f1b2bdcebaef) Importer(815301076,1909f56bfc062723c751e8b465ee728b)
Start importing Assets/Models/export_f1da67f7-932a-4a16-af29-d041fc1802f6.fbx using Guid(3ba097eef9ae93640a43f1b2bdcebaef) Importer(815301076,1909f56bfc062723c751e8b465ee728b)  -> (artifact id: '0f1827e1fdc0ce89e3c7f9898641f07b') in 0.504550 seconds 
========================================================================
Received Import Request.
  Time since last request: 39.065415 seconds.
  path: Assets/Models/Materials/Dungeon_02_Diffuse.mat
  artifactKey: Guid(fda5ac66110a7334e9a128eaddebc40d) Importer(815301076,1909f56bfc062723c751e8b465ee728b)
Start importing Assets/Models/Materials/Dungeon_02_Diffuse.mat using Guid(fda5ac66110a7334e9a128eaddebc40d) Importer(815301076,1909f56bfc062723c751e8b465ee728b)  -> (artifact id: 'e309e2db97a3d8cc361b6cce16a5f61b') in 0.038069 seconds 
========================================================================
Received Import Request.
  Time since last request: 0.000041 seconds.
  path: Assets/Models/Materials/Dungeon_Mat_02.mat
  artifactKey: Guid(3454482c612297a4e9474ae3ab97444e) Importer(815301076,1909f56bfc062723c751e8b465ee728b)
Start importing Assets/Models/Materials/Dungeon_Mat_02.mat using Guid(3454482c612297a4e9474ae3ab97444e) Importer(815301076,1909f56bfc062723c751e8b465ee728b)  -> (artifact id: '10e02ce5a6504ccb749d9c090c552590') in 0.028593 seconds 
========================================================================
Received Import Request.
  Time since last request: 0.000034 seconds.
  path: Assets/Models/Materials/t_doorMan_d.mat
  artifactKey: Guid(ad58641f85d7b134d94f97165cb07b84) Importer(815301076,1909f56bfc062723c751e8b465ee728b)
Start importing Assets/Models/Materials/t_doorMan_d.mat using Guid(ad58641f85d7b134d94f97165cb07b84) Importer(815301076,1909f56bfc062723c751e8b465ee728b)  -> (artifact id: 'd83b3a9d04951056b137baadc25a2a4f') in 0.032471 seconds 
========================================================================
Received Import Request.
  Time since last request: 0.000075 seconds.
  path: Assets/Models/Materials/iron_texture4014.mat
  artifactKey: Guid(685a9625945f7534eaaedcfc8295a36c) Importer(815301076,1909f56bfc062723c751e8b465ee728b)
Start importing Assets/Models/Materials/iron_texture4014.mat using Guid(685a9625945f7534eaaedcfc8295a36c) Importer(815301076,1909f56bfc062723c751e8b465ee728b)  -> (artifact id: '719dd0009e7529089a0cac35e2da33da') in 0.034769 seconds 
========================================================================
Received Import Request.
  Time since last request: 0.000043 seconds.
  path: Assets/Models/Materials/leather_texture4684.mat
  artifactKey: Guid(90850500b62b2d44293842508c4c2287) Importer(815301076,1909f56bfc062723c751e8b465ee728b)
Start importing Assets/Models/Materials/leather_texture4684.mat using Guid(90850500b62b2d44293842508c4c2287) Importer(815301076,1909f56bfc062723c751e8b465ee728b)  -> (artifact id: '01695f7002a3854abea2913e17526a66') in 0.034687 seconds 
========================================================================
Received Import Request.
  Time since last request: 0.000068 seconds.
  path: Assets/Models/Materials/Dungeon_Mat_01.mat
  artifactKey: Guid(4a9e0d8a329cf47438e394ad76c249fd) Importer(815301076,1909f56bfc062723c751e8b465ee728b)
Start importing Assets/Models/Materials/Dungeon_Mat_01.mat using Guid(4a9e0d8a329cf47438e394ad76c249fd) Importer(815301076,1909f56bfc062723c751e8b465ee728b)  -> (artifact id: 'd64db9c7fadec553da5dc51de55db3a6') in 0.025650 seconds 
========================================================================
Received Import Request.
  Time since last request: 5.631338 seconds.
  path: Assets/Models/Original Models/Lamp_01.fbx
  artifactKey: Guid(89dcb10526171c74fabd7b10d4fdd322) Importer(815301076,1909f56bfc062723c751e8b465ee728b)
Start importing Assets/Models/Original Models/Lamp_01.fbx using Guid(89dcb10526171c74fabd7b10d4fdd322) Importer(815301076,1909f56bfc062723c751e8b465ee728b)  -> (artifact id: '112d1c7fc3edb494a2867b0bba90766c') in 0.029308 seconds 
========================================================================
Received Import Request.
  Time since last request: 0.000054 seconds.
  path: Assets/Models/Original Models/Прикольный курок.prefab
  artifactKey: Guid(f967294882f6b6d418f93c4e23c59c8b) Importer(815301076,1909f56bfc062723c751e8b465ee728b)
Start importing Assets/Models/Original Models/Прикольный курок.prefab using Guid(f967294882f6b6d418f93c4e23c59c8b) Importer(815301076,1909f56bfc062723c751e8b465ee728b)  -> (artifact id: 'ad26c0837d52247efce14b25706ac4c4') in 0.059043 seconds 
========================================================================
Received Import Request.
  Time since last request: 0.000047 seconds.
  path: Assets/Models/Original Models/Wall_Entrance.fbx
  artifactKey: Guid(53602a61ceae8844c916ba93530649d3) Importer(815301076,1909f56bfc062723c751e8b465ee728b)
Start importing Assets/Models/Original Models/Wall_Entrance.fbx using Guid(53602a61ceae8844c916ba93530649d3) Importer(815301076,1909f56bfc062723c751e8b465ee728b)  -> (artifact id: '976ccc993bfdcb5196bfc5d61ab2f2e1') in 0.039386 seconds 
========================================================================
Received Import Request.
  Time since last request: 0.000049 seconds.
  path: Assets/Models/Original Models/Прикольный курок.blend
  artifactKey: Guid(1910d1dd1ea3f6f419c81921e1eb82b8) Importer(815301076,1909f56bfc062723c751e8b465ee728b)
Start importing Assets/Models/Original Models/Прикольный курок.blend using Guid(1910d1dd1ea3f6f419c81921e1eb82b8) Importer(815301076,1909f56bfc062723c751e8b465ee728b)  -> (artifact id: 'd0729c3e551ef394e44d96527cc20d24') in 0.272904 seconds 
========================================================================
Received Import Request.
  Time since last request: 236.548272 seconds.
  path: Assets/Models/Prefabs/Floor.prefab
  artifactKey: Guid(7bf7eadec3e3d94409ebb576091f7de0) Importer(815301076,1909f56bfc062723c751e8b465ee728b)
Start importing Assets/Models/Prefabs/Floor.prefab using Guid(7bf7eadec3e3d94409ebb576091f7de0) Importer(815301076,1909f56bfc062723c751e8b465ee728b)  -> (artifact id: '3324b1e7da97ec268136a781fafccbc9') in 0.039519 seconds 
========================================================================
Received Import Request.
  Time since last request: 0.000055 seconds.
  path: Assets/Models/Prefabs/Walking.fbx
  artifactKey: Guid(37de1b49812ec0a4db657003a0faf1e2) Importer(815301076,1909f56bfc062723c751e8b465ee728b)
Start importing Assets/Models/Prefabs/Walking.fbx using Guid(37de1b49812ec0a4db657003a0faf1e2) Importer(815301076,1909f56bfc062723c751e8b465ee728b)  -> (artifact id: '2f005f84c0aba8aac753cfc6096d358f') in 0.378264 seconds 
Editor requested this worker to shutdown with reason: Scaling down because of idle timeout
AssetImportWorker is now disconnected from the server
Process exiting
Exiting without the bug reporter. Application will terminate with return code 0